<?xml version="1.0" encoding="UTF-8"?>
<!-- Generated by org.testng.reporters.JUnitXMLReporter -->
<testsuite ignored="0" hostname="mC02DRQRDMD6M" failures="0" tests="3" name="/Users/sathish.kumar/Downloads/MyProject-master/RestAssuredAPI" time="7.543" errors="0" timestamp="2024-01-29T16:17:29 PST">
  <testcase classname="com.test.CardGame2" name="testBlackjackGame1" time="4.344"/>
  <testcase classname="com.test.CardGameTest" name="drawCardsof2" time="1.208"/>
  <testcase classname="com.test.CardGameTest" name="drawCardsof3" time="0.81"/>
</testsuite> <!-- /Users/sathish.kumar/Downloads/MyProject-master/RestAssuredAPI -->
